2017-02-22 10:38:49,084 - transaction - INFO - account:ivor   action:repay    amount:50.0   interest:0.0
2017-02-22 14:05:34,332 - transaction - INFO - account:ivor   action:repay    amount:10000.0   interest:0.0
2017-02-22 14:05:39,660 - transaction - INFO - account:ivor   action:repay    amount:10000.0   interest:0.0
2017-02-22 14:06:08,441 - transaction - INFO - account:ivor   action:repay    amount:1.0   interest:0.0
2017-02-22 14:06:40,489 - transaction - INFO - account:ivor   action:withdraw    amount:803.0   interest:40.150000000000006
2017-02-22 14:08:37,482 - transaction - INFO - account:ivor   action:withdraw    amount:10000.0   interest:500.0
2017-02-22 14:08:54,623 - transaction - INFO - account:ivor   action:withdraw    amount:8000.0   interest:400.0
2017-02-22 14:08:57,326 - transaction - INFO - account:ivor   action:withdraw    amount:1000.0   interest:50.0
2017-02-22 14:28:05,736 - transaction - INFO - account:ivor   action:withdraw    amount:1000.0   interest:50.0
2017-02-22 14:28:12,799 - transaction - INFO - account:ivor   action:withdraw    amount:5000.0   interest:250.0
2017-02-22 14:28:14,268 - transaction - INFO - account:ivor   action:withdraw    amount:6000.0   interest:300.0
2017-02-22 14:28:31,752 - transaction - INFO - account:ivor   action:withdraw    amount:200.0   interest:10.0
2017-02-22 14:28:34,596 - transaction - INFO - account:ivor   action:withdraw    amount:500.0   interest:25.0
2017-02-22 14:28:36,237 - transaction - INFO - account:ivor   action:withdraw    amount:500.0   interest:25.0
2017-02-22 14:28:37,471 - transaction - INFO - account:ivor   action:withdraw    amount:500.0   interest:25.0
2017-02-22 14:35:22,507 - transaction - INFO - account:ivor   action:repay    amount:14374.0   interest:0.0
2017-02-22 14:35:49,976 - transaction - INFO - account:ivor   action:repay    amount:1500.0   interest:0.0
2017-02-22 14:36:25,766 - transaction - INFO - account:ivor   action:repay    amount:10.0   interest:0.0
2017-02-22 14:36:30,594 - transaction - INFO - account:ivor   action:repay    amount:10000.0   interest:0.0
2017-02-23 17:16:42,015 - transaction - INFO - account:ivor   action:repay    amount:2000.0   interest:0.0
2017-02-23 17:24:26,585 - transaction - INFO - account:ivor   action:transfer_roll_out    amount:4000.0   interest:200.0
2017-02-23 17:24:26,585 - transaction - INFO - account:liteng   action:transfer_roll_in    amount:4000.0   interest:0.0
2017-02-23 17:26:28,113 - transaction - INFO - account:liteng   action:transfer_roll_out    amount:4000.0   interest:200.0
2017-02-23 17:26:28,113 - transaction - INFO - account:ivor   action:transfer_roll_in    amount:4000.0   interest:0.0
2017-02-23 20:14:32,300 - transaction - INFO - account:ivor   action:repay    amount:5000.0   interest:0.0
2017-02-23 20:39:25,739 - transaction - INFO - account:ivor   action:withdraw    amount:3000.0   interest:150.0
2017-02-24 11:25:26,996 - transaction - INFO - account:liteng   action:transfer_roll_out    amount:800.0   interest:40.0
2017-02-24 11:25:26,996 - transaction - INFO - account:ivor   action:transfer_roll_in    amount:800.0   interest:0.0
2017-02-24 11:27:25,190 - transaction - INFO - account:ivor   action:transfer_roll_out    amount:5000.0   interest:250.0
2017-02-24 11:27:25,205 - transaction - INFO - account:liteng   action:transfer_roll_in    amount:5000.0   interest:0.0
